<?xml version="1.0" encoding="UTF-8"?>
<!-- Generated by org.testng.reporters.JUnitReportReporter -->
<testsuite hostname="DESKTOP-S3RV3MH" failures="0" tests="1" name="JDBC_pract.VerifyTheDataTest" time="0.508" errors="0" timestamp="2022-02-03T11:35:03 IST" skipped="0">
  <testcase classname="JDBC_pract.VerifyTheDataTest" name="verifytheDataTest" time="0.508"/>
  <system-out/>
</testsuite> <!-- JDBC_pract.VerifyTheDataTest -->
