<?xml version="1.0" encoding="UTF-8"?>
<!-- Generated by org.testng.reporters.JUnitReportReporter -->
<testsuite hostname="DESKTOP-S3RV3MH" failures="0" tests="1" name="JDBC_pract.ExecuteQueryTest" time="1.573" errors="0" timestamp="2022-02-02T17:06:14 IST" skipped="0">
  <testcase classname="JDBC_pract.ExecuteQueryTest" name="executeQueryTest" time="1.573"/>
  <system-out/>
</testsuite> <!-- JDBC_pract.ExecuteQueryTest -->
