<?xml version="1.0" encoding="UTF-8"?>
<!-- Generated by org.testng.reporters.JUnitReportReporter -->
<testsuite hostname="DESKTOP-S3RV3MH" failures="0" tests="1" name="JDBC_pract.ExecuteUpdateTest" time="1.232" errors="0" timestamp="2022-02-03T11:50:41 IST" skipped="0">
  <testcase classname="JDBC_pract.ExecuteUpdateTest" name="executeUpdateTest" time="1.232"/>
  <system-out/>
</testsuite> <!-- JDBC_pract.ExecuteUpdateTest -->
